{"C:\\Users\\Billal Chami\\Desktop\\Microverse\\todo\\src\\add-remove.js": {"path":"C:\\Users\\Billal Chami\\Desktop\\Microverse\\todo\\src\\add-remove.js","statementMap":{"0":{"start":{"line":4,"column":12},"end":{"line":4,"column":14}},"1":{"start":{"line":7,"column":10},"end":{"line":7,"column":11}},"2":{"start":{"line":8,"column":2},"end":{"line":12,"column":5}},"3":{"start":{"line":9,"column":4},"end":{"line":9,"column":18}},"4":{"start":{"line":10,"column":4},"end":{"line":10,"column":11}},"5":{"start":{"line":11,"column":4},"end":{"line":11,"column":57}},"6":{"start":{"line":16,"column":19},"end":{"line":16,"column":55}},"7":{"start":{"line":19,"column":2},"end":{"line":97,"column":5}},"8":{"start":{"line":20,"column":21},"end":{"line":20,"column":50}},"9":{"start":{"line":21,"column":4},"end":{"line":21,"column":40}},"10":{"start":{"line":23,"column":18},"end":{"line":23,"column":49}},"11":{"start":{"line":24,"column":18},"end":{"line":24,"column":49}},"12":{"start":{"line":25,"column":17},"end":{"line":25,"column":47}},"13":{"start":{"line":26,"column":20},"end":{"line":26,"column":49}},"14":{"start":{"line":27,"column":20},"end":{"line":27,"column":49}},"15":{"start":{"line":28,"column":17},"end":{"line":28,"column":49}},"16":{"start":{"line":29,"column":25},"end":{"line":29,"column":57}},"17":{"start":{"line":30,"column":27},"end":{"line":30,"column":63}},"18":{"start":{"line":31,"column":4},"end":{"line":31,"column":28}},"19":{"start":{"line":32,"column":4},"end":{"line":32,"column":35}},"20":{"start":{"line":33,"column":4},"end":{"line":33,"column":33}},"21":{"start":{"line":34,"column":4},"end":{"line":34,"column":42}},"22":{"start":{"line":35,"column":4},"end":{"line":35,"column":37}},"23":{"start":{"line":36,"column":4},"end":{"line":36,"column":31}},"24":{"start":{"line":37,"column":4},"end":{"line":37,"column":41}},"25":{"start":{"line":38,"column":4},"end":{"line":38,"column":103}},"26":{"start":{"line":39,"column":4},"end":{"line":39,"column":28}},"27":{"start":{"line":40,"column":4},"end":{"line":40,"column":38}},"28":{"start":{"line":41,"column":4},"end":{"line":41,"column":29}},"29":{"start":{"line":42,"column":4},"end":{"line":42,"column":28}},"30":{"start":{"line":43,"column":4},"end":{"line":43,"column":30}},"31":{"start":{"line":44,"column":4},"end":{"line":44,"column":38}},"32":{"start":{"line":45,"column":4},"end":{"line":45,"column":32}},"33":{"start":{"line":46,"column":4},"end":{"line":46,"column":34}},"34":{"start":{"line":47,"column":4},"end":{"line":47,"column":34}},"35":{"start":{"line":48,"column":4},"end":{"line":48,"column":35}},"36":{"start":{"line":50,"column":4},"end":{"line":52,"column":5}},"37":{"start":{"line":51,"column":6},"end":{"line":51,"column":37}},"38":{"start":{"line":54,"column":4},"end":{"line":65,"column":7}},"39":{"start":{"line":55,"column":6},"end":{"line":55,"column":40}},"40":{"start":{"line":56,"column":6},"end":{"line":56,"column":59}},"41":{"start":{"line":58,"column":6},"end":{"line":62,"column":7}},"42":{"start":{"line":59,"column":8},"end":{"line":59,"column":39}},"43":{"start":{"line":61,"column":8},"end":{"line":61,"column":42}},"44":{"start":{"line":64,"column":6},"end":{"line":64,"column":21}},"45":{"start":{"line":67,"column":4},"end":{"line":78,"column":7}},"46":{"start":{"line":68,"column":20},"end":{"line":68,"column":50}},"47":{"start":{"line":69,"column":6},"end":{"line":69,"column":40}},"48":{"start":{"line":70,"column":6},"end":{"line":70,"column":20}},"49":{"start":{"line":71,"column":6},"end":{"line":71,"column":30}},"50":{"start":{"line":72,"column":6},"end":{"line":77,"column":9}},"51":{"start":{"line":73,"column":8},"end":{"line":73,"column":45}},"52":{"start":{"line":74,"column":8},"end":{"line":74,"column":38}},"53":{"start":{"line":75,"column":8},"end":{"line":75,"column":61}},"54":{"start":{"line":76,"column":8},"end":{"line":76,"column":23}},"55":{"start":{"line":80,"column":4},"end":{"line":85,"column":7}},"56":{"start":{"line":81,"column":6},"end":{"line":81,"column":46}},"57":{"start":{"line":81,"column":34},"end":{"line":81,"column":44}},"58":{"start":{"line":82,"column":6},"end":{"line":82,"column":59}},"59":{"start":{"line":83,"column":6},"end":{"line":83,"column":21}},"60":{"start":{"line":84,"column":6},"end":{"line":84,"column":22}},"61":{"start":{"line":87,"column":4},"end":{"line":96,"column":7}},"62":{"start":{"line":88,"column":6},"end":{"line":95,"column":9}},"63":{"start":{"line":89,"column":8},"end":{"line":94,"column":9}},"64":{"start":{"line":90,"column":10},"end":{"line":90,"column":50}},"65":{"start":{"line":90,"column":38},"end":{"line":90,"column":48}},"66":{"start":{"line":91,"column":10},"end":{"line":91,"column":63}},"67":{"start":{"line":92,"column":10},"end":{"line":92,"column":25}},"68":{"start":{"line":93,"column":10},"end":{"line":93,"column":26}},"69":{"start":{"line":99,"column":0},"end":{"line":115,"column":3}},"70":{"start":{"line":100,"column":2},"end":{"line":100,"column":58}},"71":{"start":{"line":101,"column":22},"end":{"line":101,"column":62}},"72":{"start":{"line":102,"column":2},"end":{"line":112,"column":5}},"73":{"start":{"line":103,"column":4},"end":{"line":103,"column":23}},"74":{"start":{"line":105,"column":17},"end":{"line":105,"column":83}},"75":{"start":{"line":106,"column":4},"end":{"line":106,"column":21}},"76":{"start":{"line":108,"column":4},"end":{"line":108,"column":57}},"77":{"start":{"line":110,"column":4},"end":{"line":110,"column":21}},"78":{"start":{"line":111,"column":4},"end":{"line":111,"column":19}},"79":{"start":{"line":114,"column":2},"end":{"line":114,"column":17}}},"fnMap":{"0":{"name":"updateIndices","decl":{"start":{"line":6,"column":16},"end":{"line":6,"column":29}},"loc":{"start":{"line":6,"column":32},"end":{"line":13,"column":1}},"line":6},"1":{"name":"(anonymous_1)","decl":{"start":{"line":8,"column":16},"end":{"line":8,"column":17}},"loc":{"start":{"line":8,"column":25},"end":{"line":12,"column":3}},"line":8},"2":{"name":"DisplayTodos","decl":{"start":{"line":15,"column":16},"end":{"line":15,"column":28}},"loc":{"start":{"line":15,"column":31},"end":{"line":98,"column":1}},"line":15},"3":{"name":"(anonymous_3)","decl":{"start":{"line":19,"column":16},"end":{"line":19,"column":17}},"loc":{"start":{"line":19,"column":26},"end":{"line":97,"column":3}},"line":19},"4":{"name":"(anonymous_4)","decl":{"start":{"line":54,"column":37},"end":{"line":54,"column":38}},"loc":{"start":{"line":54,"column":44},"end":{"line":65,"column":5}},"line":54},"5":{"name":"(anonymous_5)","decl":{"start":{"line":67,"column":35},"end":{"line":67,"column":36}},"loc":{"start":{"line":67,"column":41},"end":{"line":78,"column":5}},"line":67},"6":{"name":"(anonymous_6)","decl":{"start":{"line":72,"column":37},"end":{"line":72,"column":38}},"loc":{"start":{"line":72,"column":44},"end":{"line":77,"column":7}},"line":72},"7":{"name":"(anonymous_7)","decl":{"start":{"line":80,"column":43},"end":{"line":80,"column":44}},"loc":{"start":{"line":80,"column":49},"end":{"line":85,"column":5}},"line":80},"8":{"name":"(anonymous_8)","decl":{"start":{"line":81,"column":27},"end":{"line":81,"column":28}},"loc":{"start":{"line":81,"column":34},"end":{"line":81,"column":44}},"line":81},"9":{"name":"(anonymous_9)","decl":{"start":{"line":87,"column":37},"end":{"line":87,"column":38}},"loc":{"start":{"line":87,"column":43},"end":{"line":96,"column":5}},"line":87},"10":{"name":"(anonymous_10)","decl":{"start":{"line":88,"column":47},"end":{"line":88,"column":48}},"loc":{"start":{"line":88,"column":53},"end":{"line":95,"column":7}},"line":88},"11":{"name":"(anonymous_11)","decl":{"start":{"line":90,"column":31},"end":{"line":90,"column":32}},"loc":{"start":{"line":90,"column":38},"end":{"line":90,"column":48}},"line":90},"12":{"name":"(anonymous_12)","decl":{"start":{"line":99,"column":32},"end":{"line":99,"column":33}},"loc":{"start":{"line":99,"column":38},"end":{"line":115,"column":1}},"line":99},"13":{"name":"(anonymous_13)","decl":{"start":{"line":102,"column":41},"end":{"line":102,"column":42}},"loc":{"start":{"line":102,"column":48},"end":{"line":112,"column":3}},"line":102}},"branchMap":{"0":{"loc":{"start":{"line":50,"column":4},"end":{"line":52,"column":5}},"type":"if","locations":[{"start":{"line":50,"column":4},"end":{"line":52,"column":5}},{"start":{},"end":{}}],"line":50},"1":{"loc":{"start":{"line":58,"column":6},"end":{"line":62,"column":7}},"type":"if","locations":[{"start":{"line":58,"column":6},"end":{"line":62,"column":7}},{"start":{"line":60,"column":13},"end":{"line":62,"column":7}}],"line":58},"2":{"loc":{"start":{"line":89,"column":8},"end":{"line":94,"column":9}},"type":"if","locations":[{"start":{"line":89,"column":8},"end":{"line":94,"column":9}},{"start":{},"end":{}}],"line":89},"3":{"loc":{"start":{"line":100,"column":10},"end":{"line":100,"column":57}},"type":"binary-expr","locations":[{"start":{"line":100,"column":10},"end":{"line":100,"column":51}},{"start":{"line":100,"column":55},"end":{"line":100,"column":57}}],"line":100}},"s":{"0":1,"1":1,"2":1,"3":0,"4":0,"5":0,"6":1,"7":1,"8":0,"9":0,"10":0,"11":0,"12":0,"13":0,"14":0,"15":0,"16":0,"17":0,"18":0,"19":0,"20":0,"21":0,"22":0,"23":0,"24":0,"25":0,"26":0,"27":0,"28":0,"29":0,"30":0,"31":0,"32":0,"33":0,"34":0,"35":0,"36":0,"37":0,"38":0,"39":0,"40":0,"41":0,"42":0,"43":0,"44":0,"45":0,"46":0,"47":0,"48":0,"49":0,"50":0,"51":0,"52":0,"53":0,"54":0,"55":0,"56":0,"57":0,"58":0,"59":0,"60":0,"61":0,"62":0,"63":0,"64":0,"65":0,"66":0,"67":0,"68":0,"69":1,"70":0,"71":0,"72":0,"73":0,"74":0,"75":0,"76":0,"77":0,"78":0,"79":0},"f":{"0":1,"1":0,"2":1,"3":0,"4":0,"5":0,"6":0,"7":0,"8":0,"9":0,"10":0,"11":0,"12":0,"13":0},"b":{"0":[0,0],"1":[0,0],"2":[0,0],"3":[0,0]},"_coverageSchema":"1a1c01bbd47fc00a2c39e90264f33305004495a9","hash":"52aacd929efc9fc27a5813bd6d08e73d82bd2422"}
,"C:\\Users\\Billal Chami\\Desktop\\Microverse\\todo\\src\\modules\\delete-completed.js": {"path":"C:\\Users\\Billal Chami\\Desktop\\Microverse\\todo\\src\\modules\\delete-completed.js","statementMap":{"0":{"start":{"line":3,"column":4},"end":{"line":3,"column":23}},"1":{"start":{"line":4,"column":4},"end":{"line":4,"column":27}},"2":{"start":{"line":5,"column":4},"end":{"line":5,"column":31}}},"fnMap":{"0":{"name":"(anonymous_0)","decl":{"start":{"line":2,"column":2},"end":{"line":2,"column":3}},"loc":{"start":{"line":2,"column":49},"end":{"line":6,"column":3}},"line":2}},"branchMap":{"0":{"loc":{"start":{"line":2,"column":30},"end":{"line":2,"column":47}},"type":"default-arg","locations":[{"start":{"line":2,"column":42},"end":{"line":2,"column":47}}],"line":2}},"s":{"0":0,"1":0,"2":0},"f":{"0":0},"b":{"0":[0]},"_coverageSchema":"1a1c01bbd47fc00a2c39e90264f33305004495a9","hash":"d2caeb1899266ebb1341f6f8307465e02332845e"}
,"C:\\Users\\Billal Chami\\Desktop\\Microverse\\todo\\src\\modules\\sum.js": {"path":"C:\\Users\\Billal Chami\\Desktop\\Microverse\\todo\\src\\modules\\sum.js","statementMap":{"0":{"start":{"line":2,"column":2},"end":{"line":2,"column":15}},"1":{"start":{"line":4,"column":0},"end":{"line":4,"column":21}}},"fnMap":{"0":{"name":"sum","decl":{"start":{"line":1,"column":9},"end":{"line":1,"column":12}},"loc":{"start":{"line":1,"column":19},"end":{"line":3,"column":1}},"line":1}},"branchMap":{},"s":{"0":1,"1":1},"f":{"0":1},"b":{},"_coverageSchema":"1a1c01bbd47fc00a2c39e90264f33305004495a9","hash":"0ee1aeccdc59cac98191fc9d8adb92549f9c5c55"}
}
